2015-01-29 15:32:19.509 |   WARN | EXCEPTION, please implement com.mygdx.java.MyGdxJava$3.exceptionCaught() for proper handling:
                                           + NioProcessor-2;   28; org.apache.mina.core.service.IoHandlerAdapter.exceptionCaught(IoHandlerAdapter.java:55) 
java.lang.RuntimeException: No OpenGL context found in the current thread.
	at org.lwjgl.opengl.GLContext.getCapabilities(GLContext.java:124)
	at org.lwjgl.opengl.GL11.glDeleteTextures(GL11.java:732)
	at com.badlogic.gdx.backends.lwjgl.LwjglGL20.glDeleteTexture(LwjglGL20.java:248)
	at com.badlogic.gdx.graphics.GLTexture.delete(GLTexture.java:172)
	at com.badlogic.gdx.graphics.Texture.dispose(Texture.java:197)
	at com.mygdx.java.utils.ImageUtils.setScreenTextureRegion(ImageUtils.java:37)
	at com.mygdx.java.MyGdxJava$3.messageReceived(MyGdxJava.java:219)
	at org.apache.mina.core.filterchain.DefaultIoFilterChain$TailFilter.messageReceived(DefaultIoFilterChain.java:854)
	at org.apache.mina.core.filterchain.DefaultIoFilterChain.callNextMessageReceived(DefaultIoFilterChain.java:542)
	at org.apache.mina.core.filterchain.DefaultIoFilterChain.access$1300(DefaultIoFilterChain.java:48)
	at org.apache.mina.core.filterchain.DefaultIoFilterChain$EntryImpl$1.messageReceived(DefaultIoFilterChain.java:943)
	at org.apache.mina.filter.codec.ProtocolCodecFilter$ProtocolDecoderOutputImpl.flush(ProtocolCodecFilter.java:405)
	at org.apache.mina.filter.codec.ProtocolCodecFilter.messageReceived(ProtocolCodecFilter.java:235)
	at org.apache.mina.core.filterchain.DefaultIoFilterChain.callNextMessageReceived(DefaultIoFilterChain.java:542)
	at org.apache.mina.core.filterchain.DefaultIoFilterChain.access$1300(DefaultIoFilterChain.java:48)
	at org.apache.mina.core.filterchain.DefaultIoFilterChain$EntryImpl$1.messageReceived(DefaultIoFilterChain.java:943)
	at org.apache.mina.core.filterchain.IoFilterAdapter.messageReceived(IoFilterAdapter.java:109)
	at org.apache.mina.core.filterchain.DefaultIoFilterChain.callNextMessageReceived(DefaultIoFilterChain.java:542)
	at org.apache.mina.core.filterchain.DefaultIoFilterChain.fireMessageReceived(DefaultIoFilterChain.java:535)
	at org.apache.mina.core.polling.AbstractPollingIoProcessor.read(AbstractPollingIoProcessor.java:714)
	at org.apache.mina.core.polling.AbstractPollingIoProcessor.process(AbstractPollingIoProcessor.java:668)
	at org.apache.mina.core.polling.AbstractPollingIoProcessor.process(AbstractPollingIoProcessor.java:657)
	at org.apache.mina.core.polling.AbstractPollingIoProcessor.access$600(AbstractPollingIoProcessor.java:67)
	at org.apache.mina.core.polling.AbstractPollingIoProcessor$Processor.run(AbstractPollingIoProcessor.java:1121)
	at org.apache.mina.util.NamePreservingRunnable.run(NamePreservingRunnable.java:64)
	at java.util.concurrent.ThreadPoolExecutor.runWorker(ThreadPoolExecutor.java:1145)
	at java.util.concurrent.ThreadPoolExecutor$Worker.run(ThreadPoolExecutor.java:615)
	at java.lang.Thread.run(Thread.java:744)
2015-01-29 15:32:20.790 |   WARN | EXCEPTION, please implement com.mygdx.java.MyGdxJava$3.exceptionCaught() for proper handling:
                                           + NioProcessor-2; 1309; org.apache.mina.core.service.IoHandlerAdapter.exceptionCaught(IoHandlerAdapter.java:55) 
java.lang.RuntimeException: No OpenGL context found in the current thread.
	at org.lwjgl.opengl.GLContext.getCapabilities(GLContext.java:124)
	at org.lwjgl.opengl.GL11.glDeleteTextures(GL11.java:732)
	at com.badlogic.gdx.backends.lwjgl.LwjglGL20.glDeleteTexture(LwjglGL20.java:248)
	at com.badlogic.gdx.graphics.GLTexture.delete(GLTexture.java:172)
	at com.badlogic.gdx.graphics.Texture.dispose(Texture.java:197)
	at com.mygdx.java.utils.ImageUtils.setScreenTextureRegion(ImageUtils.java:37)
	at com.mygdx.java.MyGdxJava$3.messageReceived(MyGdxJava.java:219)
	at org.apache.mina.core.filterchain.DefaultIoFilterChain$TailFilter.messageReceived(DefaultIoFilterChain.java:854)
	at org.apache.mina.core.filterchain.DefaultIoFilterChain.callNextMessageReceived(DefaultIoFilterChain.java:542)
	at org.apache.mina.core.filterchain.DefaultIoFilterChain.access$1300(DefaultIoFilterChain.java:48)
	at org.apache.mina.core.filterchain.DefaultIoFilterChain$EntryImpl$1.messageReceived(DefaultIoFilterChain.java:943)
	at org.apache.mina.filter.codec.ProtocolCodecFilter$ProtocolDecoderOutputImpl.flush(ProtocolCodecFilter.java:405)
	at org.apache.mina.filter.codec.ProtocolCodecFilter.messageReceived(ProtocolCodecFilter.java:235)
	at org.apache.mina.core.filterchain.DefaultIoFilterChain.callNextMessageReceived(DefaultIoFilterChain.java:542)
	at org.apache.mina.core.filterchain.DefaultIoFilterChain.access$1300(DefaultIoFilterChain.java:48)
	at org.apache.mina.core.filterchain.DefaultIoFilterChain$EntryImpl$1.messageReceived(DefaultIoFilterChain.java:943)
	at org.apache.mina.core.filterchain.IoFilterAdapter.messageReceived(IoFilterAdapter.java:109)
	at org.apache.mina.core.filterchain.DefaultIoFilterChain.callNextMessageReceived(DefaultIoFilterChain.java:542)
	at org.apache.mina.core.filterchain.DefaultIoFilterChain.fireMessageReceived(DefaultIoFilterChain.java:535)
	at org.apache.mina.core.polling.AbstractPollingIoProcessor.read(AbstractPollingIoProcessor.java:714)
	at org.apache.mina.core.polling.AbstractPollingIoProcessor.process(AbstractPollingIoProcessor.java:668)
	at org.apache.mina.core.polling.AbstractPollingIoProcessor.process(AbstractPollingIoProcessor.java:657)
	at org.apache.mina.core.polling.AbstractPollingIoProcessor.access$600(AbstractPollingIoProcessor.java:67)
	at org.apache.mina.core.polling.AbstractPollingIoProcessor$Processor.run(AbstractPollingIoProcessor.java:1121)
	at org.apache.mina.util.NamePreservingRunnable.run(NamePreservingRunnable.java:64)
	at java.util.concurrent.ThreadPoolExecutor.runWorker(ThreadPoolExecutor.java:1145)
	at java.util.concurrent.ThreadPoolExecutor$Worker.run(ThreadPoolExecutor.java:615)
	at java.lang.Thread.run(Thread.java:744)
2015-01-29 15:32:20.896 |   WARN | EXCEPTION, please implement com.mygdx.java.MyGdxJava$3.exceptionCaught() for proper handling:
                                           + NioProcessor-2; 1415; org.apache.mina.core.service.IoHandlerAdapter.exceptionCaught(IoHandlerAdapter.java:55) 
java.lang.RuntimeException: No OpenGL context found in the current thread.
	at org.lwjgl.opengl.GLContext.getCapabilities(GLContext.java:124)
	at org.lwjgl.opengl.GL11.glDeleteTextures(GL11.java:732)
	at com.badlogic.gdx.backends.lwjgl.LwjglGL20.glDeleteTexture(LwjglGL20.java:248)
	at com.badlogic.gdx.graphics.GLTexture.delete(GLTexture.java:172)
	at com.badlogic.gdx.graphics.Texture.dispose(Texture.java:197)
	at com.mygdx.java.utils.ImageUtils.setScreenTextureRegion(ImageUtils.java:37)
	at com.mygdx.java.MyGdxJava$3.messageReceived(MyGdxJava.java:219)
	at org.apache.mina.core.filterchain.DefaultIoFilterChain$TailFilter.messageReceived(DefaultIoFilterChain.java:854)
	at org.apache.mina.core.filterchain.DefaultIoFilterChain.callNextMessageReceived(DefaultIoFilterChain.java:542)
	at org.apache.mina.core.filterchain.DefaultIoFilterChain.access$1300(DefaultIoFilterChain.java:48)
	at org.apache.mina.core.filterchain.DefaultIoFilterChain$EntryImpl$1.messageReceived(DefaultIoFilterChain.java:943)
	at org.apache.mina.filter.codec.ProtocolCodecFilter$ProtocolDecoderOutputImpl.flush(ProtocolCodecFilter.java:405)
	at org.apache.mina.filter.codec.ProtocolCodecFilter.messageReceived(ProtocolCodecFilter.java:235)
	at org.apache.mina.core.filterchain.DefaultIoFilterChain.callNextMessageReceived(DefaultIoFilterChain.java:542)
	at org.apache.mina.core.filterchain.DefaultIoFilterChain.access$1300(DefaultIoFilterChain.java:48)
	at org.apache.mina.core.filterchain.DefaultIoFilterChain$EntryImpl$1.messageReceived(DefaultIoFilterChain.java:943)
	at org.apache.mina.core.filterchain.IoFilterAdapter.messageReceived(IoFilterAdapter.java:109)
	at org.apache.mina.core.filterchain.DefaultIoFilterChain.callNextMessageReceived(DefaultIoFilterChain.java:542)
	at org.apache.mina.core.filterchain.DefaultIoFilterChain.fireMessageReceived(DefaultIoFilterChain.java:535)
	at org.apache.mina.core.polling.AbstractPollingIoProcessor.read(AbstractPollingIoProcessor.java:714)
	at org.apache.mina.core.polling.AbstractPollingIoProcessor.process(AbstractPollingIoProcessor.java:668)
	at org.apache.mina.core.polling.AbstractPollingIoProcessor.process(AbstractPollingIoProcessor.java:657)
	at org.apache.mina.core.polling.AbstractPollingIoProcessor.access$600(AbstractPollingIoProcessor.java:67)
	at org.apache.mina.core.polling.AbstractPollingIoProcessor$Processor.run(AbstractPollingIoProcessor.java:1121)
	at org.apache.mina.util.NamePreservingRunnable.run(NamePreservingRunnable.java:64)
	at java.util.concurrent.ThreadPoolExecutor.runWorker(ThreadPoolExecutor.java:1145)
	at java.util.concurrent.ThreadPoolExecutor$Worker.run(ThreadPoolExecutor.java:615)
	at java.lang.Thread.run(Thread.java:744)
2015-01-29 16:12:35.166 |   WARN | EXCEPTION, please implement com.mygdx.java.MyGdxJava$4.exceptionCaught() for proper handling:
                                           + NioProcessor-2;   59; org.apache.mina.core.service.IoHandlerAdapter.exceptionCaught(IoHandlerAdapter.java:55) 
org.apache.mina.core.write.WriteToClosedSessionException
	at org.apache.mina.core.polling.AbstractPollingIoProcessor.clearWriteRequestQueue(AbstractPollingIoProcessor.java:642)
	at org.apache.mina.core.polling.AbstractPollingIoProcessor.removeNow(AbstractPollingIoProcessor.java:594)
	at org.apache.mina.core.polling.AbstractPollingIoProcessor.removeSessions(AbstractPollingIoProcessor.java:564)
	at org.apache.mina.core.polling.AbstractPollingIoProcessor.access$800(AbstractPollingIoProcessor.java:67)
	at org.apache.mina.core.polling.AbstractPollingIoProcessor$Processor.run(AbstractPollingIoProcessor.java:1129)
	at org.apache.mina.util.NamePreservingRunnable.run(NamePreservingRunnable.java:64)
	at java.util.concurrent.ThreadPoolExecutor.runWorker(ThreadPoolExecutor.java:1145)
	at java.util.concurrent.ThreadPoolExecutor$Worker.run(ThreadPoolExecutor.java:615)
	at java.lang.Thread.run(Thread.java:744)
2015-01-29 16:33:21.734 |   WARN | EXCEPTION, please implement com.mygdx.java.MyGdxJava$4.exceptionCaught() for proper handling:
                                           + NioProcessor-2;   20; org.apache.mina.core.service.IoHandlerAdapter.exceptionCaught(IoHandlerAdapter.java:55) 
java.io.IOException: 既存の接続はリモート ホストに強制的に切断されました。
	at sun.nio.ch.SocketDispatcher.read0(Native Method)
	at sun.nio.ch.SocketDispatcher.read(SocketDispatcher.java:43)
	at sun.nio.ch.IOUtil.readIntoNativeBuffer(IOUtil.java:223)
	at sun.nio.ch.IOUtil.read(IOUtil.java:197)
	at sun.nio.ch.SocketChannelImpl.read(SocketChannelImpl.java:379)
	at org.apache.mina.transport.socket.nio.NioProcessor.read(NioProcessor.java:311)
	at org.apache.mina.transport.socket.nio.NioProcessor.read(NioProcessor.java:45)
	at org.apache.mina.core.polling.AbstractPollingIoProcessor.read(AbstractPollingIoProcessor.java:694)
	at org.apache.mina.core.polling.AbstractPollingIoProcessor.process(AbstractPollingIoProcessor.java:668)
	at org.apache.mina.core.polling.AbstractPollingIoProcessor.process(AbstractPollingIoProcessor.java:657)
	at org.apache.mina.core.polling.AbstractPollingIoProcessor.access$600(AbstractPollingIoProcessor.java:67)
	at org.apache.mina.core.polling.AbstractPollingIoProcessor$Processor.run(AbstractPollingIoProcessor.java:1121)
	at org.apache.mina.util.NamePreservingRunnable.run(NamePreservingRunnable.java:64)
	at java.util.concurrent.ThreadPoolExecutor.runWorker(ThreadPoolExecutor.java:1145)
	at java.util.concurrent.ThreadPoolExecutor$Worker.run(ThreadPoolExecutor.java:615)
	at java.lang.Thread.run(Thread.java:744)
